<?xml version="1.0" encoding="UTF-8"?>
<testsuite name="com.example.solofutbol.ValidacionesTest" tests="5" skipped="0" failures="0" errors="0" timestamp="2025-12-06T00:38:21" hostname="DESKTOP-N96C98T" time="0.012">
  <properties/>
  <testcase name="validarSku_muyCorto_retornaFalse" classname="com.example.solofutbol.ValidacionesTest" time="0.01"/>
  <testcase name="validarRut_formatoValido_retornaTrue" classname="com.example.solofutbol.ValidacionesTest" time="0.0"/>
  <testcase name="validarClave_corta_retornaFalse" classname="com.example.solofutbol.ValidacionesTest" time="0.0"/>
  <testcase name="validarSku_formatoCorrecto_retornaTrue" classname="com.example.solofutbol.ValidacionesTest" time="0.001"/>
  <testcase name="validarStock_numeroNegativo_retornaFalse" classname="com.example.solofutbol.ValidacionesTest" time="0.0"/>
  <system-out><![CDATA[]]></system-out>
  <system-err><![CDATA[]]></system-err>
</testsuite>
